<html>
<head>
<title>TestNG:  Test</title>
<link href="../testng.css" rel="stylesheet" type="text/css" />
<link href="../my-testng.css" rel="stylesheet" type="text/css" />

<style type="text/css">
.log { display: none;} 
.stack-trace { display: none;} 
</style>
<script type="text/javascript">
<!--
function flip(e) {
  current = e.style.display;
  if (current == 'block') {
    e.style.display = 'none';
    return 0;
  }
  else {
    e.style.display = 'block';
    return 1;
  }
}

function toggleBox(szDivId, elem, msg1, msg2)
{
  var res = -1;  if (document.getElementById) {
    res = flip(document.getElementById(szDivId));
  }
  else if (document.all) {
    // this is the way old msie versions work
    res = flip(document.all[szDivId]);
  }
  if(elem) {
    if(res == 0) elem.innerHTML = msg1; else elem.innerHTML = msg2;
  }

}

function toggleAllBoxes() {
  if (document.getElementsByTagName) {
    d = document.getElementsByTagName('div');
    for (i = 0; i < d.length; i++) {
      if (d[i].className == 'log') {
        flip(d[i]);
      }
    }
  }
}

// -->
</script>

</head>
<body>
<h2 align='center'>Test</h2><table border='1' align="center">
<tr>
<td>Tests passed/Failed/Skipped:</td><td>8/2/0</td>
</tr><tr>
<td>Started on:</td><td>Mon Sep 27 17:03:22 IST 2021</td>
</tr>
<tr><td>Total time:</td><td>159 seconds (159765 ms)</td>
</tr><tr>
<td>Included groups:</td><td></td>
</tr><tr>
<td>Excluded groups:</td><td></td>
</tr>
</table><p/>
<small><i>(Hover the method name to see the test class name)</i></small><p/>
<table width='100%' border='1' class='invocation-failed'>
<tr><td colspan='4' align='center'><b>FAILED TESTS</b></td></tr>
<tr><td><b>Test method</b></td>
<td width="30%"><b>Exception</b></td>
<td width="10%"><b>Time (seconds)</b></td>
<td><b>Instance</b></td>
</tr>
<tr>
<td title='com.urbanladder.runner.runner.runScenario()'><b>runScenario</b><br>Test class: com.urbanladder.runner.runner<br>Test method: Runs Cucumber Scenarios<br>Parameters: "sale", "Optional[Urban Ladder]"</td>
<td><div><pre>org.openqa.selenium.ElementNotInteractableException: element not interactable
  (Session info: MicrosoftEdge=94.0.992.31)
Build info: version: &apos;3.141.5&apos;, revision: &apos;d54ebd709a&apos;, time: &apos;2018-11-06T11:42:16&apos;
System info: host: &apos;LAPTOP-6CIFSMOV&apos;, ip: &apos;192.168.43.75&apos;, os.name: &apos;Windows 10&apos;, os.arch: &apos;amd64&apos;, os.version: &apos;10.0&apos;, java.version: &apos;1.8.0_261&apos;
Driver info: org.openqa.selenium.edge.EdgeDriver
Capabilities {acceptInsecureCerts: false, browserName: msedge, browserVersion: 94.0.992.31, javascriptEnabled: true, ms:edgeOptions: {debuggerAddress: localhost:49861}, msedge: {msedgedriverVersion: 94.0.979.0 (53b133587dbc7b6..., userDataDir: C:\Users\Tushar\AppData\Loc...}, networkConnectionEnabled: false, pageLoadStrategy: normal, platform: WINDOWS, platformName: WINDOWS, proxy: Proxy(), setWindowRect: true, strictFileInteractability: false, timeouts: {implicit: 0, pageLoad: 300000, script: 30000}, unhandledPromptBehavior: dismiss and notify, webauthn:extension:credBlob: true, webauthn:extension:largeBlob: true, webauthn:virtualAuthenticators: true}
Session ID: 91e618b44324cca41ab7c02cf7d857dc
	at org.openqa.selenium.remote.http.W3CHttpResponseCodec.createException(W3CHttpResponseCodec.java:187)
	at org.openqa.selenium.remote.http.W3CHttpResponseCodec.decode(W3CHttpResponseCodec.java:122)
	at org.openqa.selenium.remote.http.W3CHttpResponseCodec.decode(W3CHttpResponseCodec.java:49)
	at org.openqa.selenium.remote.HttpCommandExecutor.execute(HttpCommandExecutor.java:158)
	at org.openqa.selenium.remote.service.DriverCommandExecutor.execute(DriverCommandExecutor.java:83)
	at org.openqa.selenium.remote.RemoteWebDriver.execute(RemoteWebDriver.java:552)
	at org.openqa.selenium.remote.RemoteWebElement.execute(RemoteWebElement.java:285)
	at org.openqa.selenium.remote.RemoteWebElement.click(RemoteWebElement.java:84)
	at com.urbanladder.stepDefinition.stepDefination3.user_clicks_on_getsale(stepDefination3.java:82)
	at ?.User clicks on getsale(file:///D:/Softs/Eclipse/New%20folder/zCucumberUrbanLadder/features/UrbanLadder.feature:19)
... Removed 4 stack frames</pre></div><a href='#' onClick='toggleBox("stack-trace2142893855", this, "Click to show all stack frames", "Click to hide stack frames")'>Click to show all stack frames</a>
<div class='stack-trace' id='stack-trace2142893855'><pre>org.openqa.selenium.ElementNotInteractableException: element not interactable
  (Session info: MicrosoftEdge=94.0.992.31)
Build info: version: &apos;3.141.5&apos;, revision: &apos;d54ebd709a&apos;, time: &apos;2018-11-06T11:42:16&apos;
System info: host: &apos;LAPTOP-6CIFSMOV&apos;, ip: &apos;192.168.43.75&apos;, os.name: &apos;Windows 10&apos;, os.arch: &apos;amd64&apos;, os.version: &apos;10.0&apos;, java.version: &apos;1.8.0_261&apos;
Driver info: org.openqa.selenium.edge.EdgeDriver
Capabilities {acceptInsecureCerts: false, browserName: msedge, browserVersion: 94.0.992.31, javascriptEnabled: true, ms:edgeOptions: {debuggerAddress: localhost:49861}, msedge: {msedgedriverVersion: 94.0.979.0 (53b133587dbc7b6..., userDataDir: C:\Users\Tushar\AppData\Loc...}, networkConnectionEnabled: false, pageLoadStrategy: normal, platform: WINDOWS, platformName: WINDOWS, proxy: Proxy(), setWindowRect: true, strictFileInteractability: false, timeouts: {implicit: 0, pageLoad: 300000, script: 30000}, unhandledPromptBehavior: dismiss and notify, webauthn:extension:credBlob: true, webauthn:extension:largeBlob: true, webauthn:virtualAuthenticators: true}
Session ID: 91e618b44324cca41ab7c02cf7d857dc
	at sun.reflect.NativeConstructorAccessorImpl.newInstance0(Native Method)
	at sun.reflect.NativeConstructorAccessorImpl.newInstance(NativeConstructorAccessorImpl.java:62)
	at sun.reflect.DelegatingConstructorAccessorImpl.newInstance(DelegatingConstructorAccessorImpl.java:45)
	at java.lang.reflect.Constructor.newInstance(Constructor.java:423)
	at org.openqa.selenium.remote.http.W3CHttpResponseCodec.createException(W3CHttpResponseCodec.java:187)
	at org.openqa.selenium.remote.http.W3CHttpResponseCodec.decode(W3CHttpResponseCodec.java:122)
	at org.openqa.selenium.remote.http.W3CHttpResponseCodec.decode(W3CHttpResponseCodec.java:49)
	at org.openqa.selenium.remote.HttpCommandExecutor.execute(HttpCommandExecutor.java:158)
	at org.openqa.selenium.remote.service.DriverCommandExecutor.execute(DriverCommandExecutor.java:83)
	at org.openqa.selenium.remote.RemoteWebDriver.execute(RemoteWebDriver.java:552)
	at org.openqa.selenium.remote.RemoteWebElement.execute(RemoteWebElement.java:285)
	at org.openqa.selenium.remote.RemoteWebElement.click(RemoteWebElement.java:84)
	at com.urbanladder.stepDefinition.stepDefination3.user_clicks_on_getsale(stepDefination3.java:82)
	at ?.User clicks on getsale(file:///D:/Softs/Eclipse/New%20folder/zCucumberUrbanLadder/features/UrbanLadder.feature:19)
</pre></div></td>
<td>22</td>
<td>com.urbanladder.runner.runner@72f926e6</td></tr>
<tr>
<td title='com.urbanladder.runner.runner.runScenario()'><b>runScenario</b><br>Test class: com.urbanladder.runner.runner<br>Test method: Runs Cucumber Scenarios<br>Parameters: "living", "Optional[Urban Ladder]"</td>
<td><div><pre>java.lang.IllegalArgumentException: Must provide a location for a move action.
	at org.openqa.selenium.interactions.MoveMouseAction.&lt;init&gt;(MoveMouseAction.java:37)
	at org.openqa.selenium.interactions.Actions.moveToElement(Actions.java:386)
	at com.urbanladder.stepDefinition.stepDefination4.user_hovers_over_living_icon(stepDefination4.java:70)
	at ?.User hovers over living icon(file:///D:/Softs/Eclipse/New%20folder/zCucumberUrbanLadder/features/UrbanLadder.feature:23)
</pre></div><a href='#' onClick='toggleBox("stack-trace463381475", this, "Click to show all stack frames", "Click to hide stack frames")'>Click to show all stack frames</a>
<div class='stack-trace' id='stack-trace463381475'><pre>java.lang.IllegalArgumentException: Must provide a location for a move action.
	at org.openqa.selenium.interactions.MoveMouseAction.&lt;init&gt;(MoveMouseAction.java:37)
	at org.openqa.selenium.interactions.Actions.moveToElement(Actions.java:386)
	at com.urbanladder.stepDefinition.stepDefination4.user_hovers_over_living_icon(stepDefination4.java:70)
	at ?.User hovers over living icon(file:///D:/Softs/Eclipse/New%20folder/zCucumberUrbanLadder/features/UrbanLadder.feature:23)
</pre></div></td>
<td>22</td>
<td>com.urbanladder.runner.runner@72f926e6</td></tr>
</table><p>
<table width='100%' border='1' class='invocation-passed'>
<tr><td colspan='4' align='center'><b>PASSED TESTS</b></td></tr>
<tr><td><b>Test method</b></td>
<td width="30%"><b>Exception</b></td>
<td width="10%"><b>Time (seconds)</b></td>
<td><b>Instance</b></td>
</tr>
<tr>
<td title='com.urbanladder.runner.runner.runScenario()'><b>runScenario</b><br>Test class: com.urbanladder.runner.runner<br>Test method: Runs Cucumber Scenarios<br>Parameters: "Home page default login", "Optional[Urban Ladder]"</td>
<td></td>
<td>15</td>
<td>com.urbanladder.runner.runner@72f926e6</td></tr>
<tr>
<td title='com.urbanladder.runner.runner.runScenario()'><b>runScenario</b><br>Test class: com.urbanladder.runner.runner<br>Test method: Runs Cucumber Scenarios<br>Parameters: "searching", "Optional[Urban Ladder]"</td>
<td></td>
<td>2</td>
<td>com.urbanladder.runner.runner@72f926e6</td></tr>
<tr>
<td title='com.urbanladder.runner.runner.runScenario()'><b>runScenario</b><br>Test class: com.urbanladder.runner.runner<br>Test method: Runs Cucumber Scenarios<br>Parameters: "bedroom", "Optional[Urban Ladder]"</td>
<td></td>
<td>10</td>
<td>com.urbanladder.runner.runner@72f926e6</td></tr>
<tr>
<td title='com.urbanladder.runner.runner.runScenario()'><b>runScenario</b><br>Test class: com.urbanladder.runner.runner<br>Test method: Runs Cucumber Scenarios<br>Parameters: "storage", "Optional[Urban Ladder]"</td>
<td></td>
<td>9</td>
<td>com.urbanladder.runner.runner@72f926e6</td></tr>
<tr>
<td title='com.urbanladder.runner.runner.runScenario()'><b>runScenario</b><br>Test class: com.urbanladder.runner.runner<br>Test method: Runs Cucumber Scenarios<br>Parameters: "study", "Optional[Urban Ladder]"</td>
<td></td>
<td>10</td>
<td>com.urbanladder.runner.runner@72f926e6</td></tr>
<tr>
<td title='com.urbanladder.runner.runner.runScenario()'><b>runScenario</b><br>Test class: com.urbanladder.runner.runner<br>Test method: Runs Cucumber Scenarios<br>Parameters: "kids room", "Optional[Urban Ladder]"</td>
<td></td>
<td>9</td>
<td>com.urbanladder.runner.runner@72f926e6</td></tr>
<tr>
<td title='com.urbanladder.runner.runner.runScenario()'><b>runScenario</b><br>Test class: com.urbanladder.runner.runner<br>Test method: Runs Cucumber Scenarios<br>Parameters: "gift cards", "Optional[Urban Ladder]"</td>
<td></td>
<td>11</td>
<td>com.urbanladder.runner.runner@72f926e6</td></tr>
<tr>
<td title='com.urbanladder.runner.runner.runScenario()'><b>runScenario</b><br>Test class: com.urbanladder.runner.runner<br>Test method: Runs Cucumber Scenarios<br>Parameters: "bulk orders", "Optional[Urban Ladder]"</td>
<td></td>
<td>45</td>
<td>com.urbanladder.runner.runner@72f926e6</td></tr>
</table><p>
</body>
</html>